<?xml version="1.0" encoding="UTF-8"?>
<!-- Generated by org.testng.reporters.JUnitReportReporter -->
<testsuite hostname="DESKTOP-8C2N8MV" failures="0" tests="6" name="com.nopcommerce.user.Level_2_Apply_BasePage_2" time="4.622" errors="0" timestamp="12 thg 8 2022 10:47:54 GMT" skipped="0">
  <testcase classname="com.nopcommerce.user.Level_2_Apply_BasePage_2" name="Login_06_Success_Login" time="0.748"/>
  <testcase classname="com.nopcommerce.user.Level_2_Apply_BasePage_2" name="Login_04_Blank_Password" time="0.768"/>
  <testcase classname="com.nopcommerce.user.Level_2_Apply_BasePage_2" name="Login_03_Not_Registed_Email" time="0.826"/>
  <testcase classname="com.nopcommerce.user.Level_2_Apply_BasePage_2" name="Login_01_Empty_Data" time="0.774"/>
  <testcase classname="com.nopcommerce.user.Level_2_Apply_BasePage_2" name="Login_02_Invalid_Email" time="0.734"/>
  <testcase classname="com.nopcommerce.user.Level_2_Apply_BasePage_2" name="Login_05_Wrong_Password" time="0.772"/>
</testsuite> <!-- com.nopcommerce.user.Level_2_Apply_BasePage_2 -->
