<?xml version="1.0" encoding="UTF-8"?>
<!-- Generated by org.testng.reporters.JUnitReportReporter -->
<testsuite hostname="DESKTOP-8C2N8MV" failures="0" tests="4" name="com.nopcommerce.user.Level_2_Apply_BasePage" time="13.703" errors="0" timestamp="11 thg 8 2022 09:50:41 GMT" skipped="0">
  <testcase classname="com.nopcommerce.user.Level_2_Apply_BasePage" name="TC_03_Register_Success" time="4.603"/>
  <testcase classname="com.nopcommerce.user.Level_2_Apply_BasePage" name="TC_05_Register_Password_Less_Than_6_Chars" time="2.837"/>
  <testcase classname="com.nopcommerce.user.Level_2_Apply_BasePage" name="TC_06_Password_And_ConfirmPassword_Is_Differrent" time="3.311"/>
  <testcase classname="com.nopcommerce.user.Level_2_Apply_BasePage" name="TC_04_REgister_Existing_Email" time="2.952"/>
</testsuite> <!-- com.nopcommerce.user.Level_2_Apply_BasePage -->
