<?xml version="1.0" encoding="UTF-8"?>
<!-- Generated by org.testng.reporters.JUnitReportReporter -->
<testsuite hostname="DESKTOP-8C2N8MV" failures="0" tests="1" name="com.jquery.datatable.Level_10_DataTable_DataGrid" time="33.325" errors="0" timestamp="23 thg 8 2022 10:42:25 GMT" skipped="0">
  <testcase classname="com.jquery.datatable.Level_10_DataTable_DataGrid" name="TC_03_Get_Data" time="33.325"/>
</testsuite> <!-- com.jquery.datatable.Level_10_DataTable_DataGrid -->
