<?xml version="1.0" encoding="UTF-8"?>
<!-- Generated by org.testng.reporters.JUnitReportReporter -->
<testsuite hostname="DESKTOP-8C2N8MV" failures="0" tests="6" name="com.nopcommerce.user.Level_2_Apply_BasePage_2" time="9.595" errors="0" timestamp="12 thg 8 2022 06:30:57 GMT" skipped="0">
  <testcase classname="com.nopcommerce.user.Level_2_Apply_BasePage_2" name="TC_05_Register_Password_Less_Than_6_Chars" time="1.430"/>
  <testcase classname="com.nopcommerce.user.Level_2_Apply_BasePage_2" name="TC_04_REgister_Existing_Email" time="1.260"/>
  <testcase classname="com.nopcommerce.user.Level_2_Apply_BasePage_2" name="TC_01_Register_Empty_Data" time="1.441"/>
  <testcase classname="com.nopcommerce.user.Level_2_Apply_BasePage_2" name="TC_02_Invalid_Email" time="1.197"/>
  <testcase classname="com.nopcommerce.user.Level_2_Apply_BasePage_2" name="TC_03_Register_Success" time="2.737"/>
  <testcase classname="com.nopcommerce.user.Level_2_Apply_BasePage_2" name="TC_06_Password_And_ConfirmPassword_Is_Differrent" time="1.530"/>
</testsuite> <!-- com.nopcommerce.user.Level_2_Apply_BasePage_2 -->
