<?xml version="1.0" encoding="UTF-8"?>
<!-- Generated by org.testng.reporters.JUnitReportReporter -->
<testsuite hostname="DESKTOP-8C2N8MV" failures="0" tests="2" name="com.nopcommerce.user.User_01_Register_Login" time="7.661" errors="0" timestamp="11 thg 8 2022 09:23:49 GMT" skipped="0">
  <testcase classname="com.nopcommerce.user.User_01_Register_Login" name="TC_01_Register_Empty_Data" time="3.918"/>
  <testcase classname="com.nopcommerce.user.User_01_Register_Login" name="TC_02_Invalid_Email" time="3.743"/>
</testsuite> <!-- com.nopcommerce.user.User_01_Register_Login -->
