<?xml version="1.0" encoding="UTF-8"?>
<!-- Generated by org.testng.reporters.JUnitReportReporter -->
<testsuite hostname="DESKTOP-8C2N8MV" failures="0" tests="2" name="com.jquery.datatable.Level_11_Upload_Files" time="4.107" errors="0" timestamp="26 thg 8 2022 08:30:53 GMT" skipped="0">
  <testcase classname="com.jquery.datatable.Level_11_Upload_Files" name="TC_01_Upload_1_File_Per_Time" time="2.058"/>
  <testcase classname="com.jquery.datatable.Level_11_Upload_Files" name="TC_02_Upload_Multiple_File_Per_Time" time="2.049"/>
</testsuite> <!-- com.jquery.datatable.Level_11_Upload_Files -->
