<?xml version="1.0" encoding="UTF-8"?>
<!-- Generated by org.testng.reporters.JUnitReportReporter -->
<testsuite hostname="DESKTOP-8C2N8MV" failures="0" tests="6" name="com.nopcommerce.user.Level_2_Login" time="7.290" errors="0" timestamp="22 thg 8 2022 09:08:47 GMT" skipped="0">
  <testcase classname="com.nopcommerce.user.Level_2_Login" name="Register_05_Password_Less_Than_6_Chars" time="1.332"/>
  <testcase classname="com.nopcommerce.user.Level_2_Login" name="Register_02_Invalid_Email" time="0.876"/>
  <testcase classname="com.nopcommerce.user.Level_2_Login" name="Register_03_Success" time="1.994"/>
  <testcase classname="com.nopcommerce.user.Level_2_Login" name="Register_04_Existing_Email" time="0.928"/>
  <testcase classname="com.nopcommerce.user.Level_2_Login" name="Register_01_Register_Empty_Data" time="0.880"/>
  <testcase classname="com.nopcommerce.user.Level_2_Login" name="Registerr_06_Password_And_ConfirmPassword_Is_Differrent" time="1.280"/>
</testsuite> <!-- com.nopcommerce.user.Level_2_Login -->
