<?xml version="1.0" encoding="UTF-8"?>
<!-- Generated by org.testng.reporters.JUnitReportReporter -->
<testsuite hostname="DESKTOP-8C2N8MV" failures="0" tests="3" name="com.nopcommerce.user.Level_6_Dynamic_Xpath" time="13.480" errors="0" timestamp="23 thg 8 2022 06:28:26 GMT" skipped="0">
  <testcase classname="com.nopcommerce.user.Level_6_Dynamic_Xpath" name="Login_01_Empty_Data" time="1.113"/>
  <testcase classname="com.nopcommerce.user.Level_6_Dynamic_Xpath" name="Login_03_Dynamic_Xpath" time="10.805"/>
  <testcase classname="com.nopcommerce.user.Level_6_Dynamic_Xpath" name="Login_02_Invalid_Email" time="1.562"/>
</testsuite> <!-- com.nopcommerce.user.Level_6_Dynamic_Xpath -->
