<?xml version="1.0" encoding="UTF-8"?>
<!-- Generated by org.testng.reporters.JUnitReportReporter -->
<testsuite hostname="DESKTOP-8C2N8MV" failures="0" tests="1" name="com.jquery.datatable.Level_10_DataTable_DataGrid" time="0.100" errors="0" timestamp="25 thg 8 2022 14:53:08 GMT" skipped="0">
  <testcase classname="com.jquery.datatable.Level_10_DataTable_DataGrid" name="TC_04_Enter_To_Textbox_At_Any_Row" time="0.100"/>
</testsuite> <!-- com.jquery.datatable.Level_10_DataTable_DataGrid -->
