<?xml version="1.0" encoding="UTF-8"?>
<!-- Generated by org.testng.reporters.JUnitReportReporter -->
<testsuite hostname="DESKTOP-8C2N8MV" failures="0" tests="2" name="com.jquery.datatable.Level_11_Upload_Files" time="4.257" errors="0" timestamp="25 thg 8 2022 15:49:48 GMT" skipped="0">
  <testcase classname="com.jquery.datatable.Level_11_Upload_Files" name="TC_01_Upload_1_File_Per_Time" time="2.184"/>
  <testcase classname="com.jquery.datatable.Level_11_Upload_Files" name="TC_02_Upload_Multiple_File_Per_Time" time="2.073"/>
</testsuite> <!-- com.jquery.datatable.Level_11_Upload_Files -->
